<?xml version="1.0" encoding="UTF-8"?>
<testng-results ignored="0" total="1" passed="1" failed="0" skipped="0">
  <reporter-output>
  </reporter-output>
  <suite started-at="2022-06-15T13:01:38 IST" name="Default suite" finished-at="2022-06-15T13:01:46 IST" duration-ms="8428">
    <groups>
    </groups>
    <test started-at="2022-06-15T13:01:38 IST" name="Default test" finished-at="2022-06-15T13:01:46 IST" duration-ms="8428">
      <class name="Practice.firstTest">
        <test-method is-config="true" signature="dataSuite()[pri:0, instance:Practice.firstTest@428640fa]" started-at="2022-06-15T13:01:37 IST" name="dataSuite" finished-at="2022-06-15T13:01:38 IST" duration-ms="706" status="PASS">
          <reporter-output>
          </reporter-output>
        </test-method> <!-- dataSuite -->
        <test-method is-config="true" signature="start()[pri:0, instance:Practice.firstTest@428640fa]" started-at="2022-06-15T13:01:38 IST" name="start" finished-at="2022-06-15T13:01:40 IST" duration-ms="2635" status="PASS">
          <reporter-output>
          </reporter-output>
        </test-method> <!-- start -->
        <test-method signature="loginApp()[pri:0, instance:Practice.firstTest@428640fa]" started-at="2022-06-15T13:01:40 IST" name="loginApp" finished-at="2022-06-15T13:01:46 IST" duration-ms="5178" status="PASS">
          <reporter-output>
          </reporter-output>
        </test-method> <!-- loginApp -->
        <test-method is-config="true" signature="teardown(org.testng.ITestResult)[pri:0, instance:Practice.firstTest@428640fa]" started-at="2022-06-15T13:01:46 IST" name="teardown" finished-at="2022-06-15T13:01:46 IST" duration-ms="318" status="PASS">
          <params>
            <param index="0">
              <value>
                <![CDATA[[TestResult name=loginApp status=SUCCESS method=firstTest.loginApp()[pri:0, instance:Practice.firstTest@428640fa] output={null}]]]>
              </value>
            </param>
          </params>
          <reporter-output>
          </reporter-output>
        </test-method> <!-- teardown -->
        <test-method is-config="true" signature="closebrowser()[pri:0, instance:Practice.firstTest@428640fa]" started-at="2022-06-15T13:01:46 IST" name="closebrowser" finished-at="2022-06-15T13:01:46 IST" duration-ms="277" status="PASS">
          <reporter-output>
          </reporter-output>
        </test-method> <!-- closebrowser -->
      </class> <!-- Practice.firstTest -->
    </test> <!-- Default test -->
  </suite> <!-- Default suite -->
</testng-results>
